2022.08.01 18:12:17 INFO  tracing is disabled for protocol LSP, to enable tracing of incoming and outgoing JSON messages create an empty file at c:\Users\Moulana\Desktop\scala\scala_tutorial\tutorial4\.metals\lsp.trace.json or C:\Users\Moulana\AppData\Local\scalameta\metals\cache\lsp.trace.json
2022.08.01 18:12:18 INFO  logging to file C:\Users\Moulana\Desktop\scala\scala_tutorial\tutorial4\.metals\metals.log
2022.08.01 18:12:18 INFO  Started: Metals version 0.11.7 in workspace 'C:\Users\Moulana\Desktop\scala\scala_tutorial\tutorial4' for client Visual Studio Code 1.69.2.
2022.08.01 18:12:19 INFO  time: initialize in 1.06s
2022.08.01 18:12:19 WARN  Flyway upgrade recommended: H2 2.1.214 is newer than this version of Flyway and support has not been tested. The latest supported version of H2 is 2.1.210.
2022.08.01 18:12:19 WARN  Build server is not auto-connectable.
2022.08.01 18:12:19 WARN  no build tool detected in workspace 'C:\Users\Moulana\Desktop\scala\scala_tutorial\tutorial4'. The most common cause for this problem is that the editor was opened in the wrong working directory, for example if you use sbt then the workspace directory should contain build.sbt. 
2022.08.01 18:12:22 WARN  no build target for: C:\Users\Moulana\Desktop\scala\scala_tutorial\tutorial4\q1.scala
2022.08.01 18:12:22 WARN  no build target for: C:\Users\Moulana\Desktop\scala\scala_tutorial\tutorial4\q2.scala
2022.08.01 18:12:22 WARN  no build target for: C:\Users\Moulana\Desktop\scala\scala_tutorial\tutorial4\q3.scala
2022.08.01 18:12:30 INFO  no build target found for C:\Users\Moulana\Desktop\scala\scala_tutorial\tutorial4\q1.scala. Using presentation compiler with project's scala-library version: 3.1.3
2022.08.01 18:12:32 INFO  time: code lens generation in 9.34s
2022.08.01 18:12:32 INFO  time: code lens generation in 9.38s
Aug 01, 2022 6:13:27 PM org.eclipse.lsp4j.jsonrpc.RemoteEndpoint fallbackResponseError
SEVERE: Internal error: java.lang.reflect.InvocationTargetException
java.lang.RuntimeException: java.lang.reflect.InvocationTargetException
	at org.eclipse.lsp4j.jsonrpc.services.GenericEndpoint.lambda$null$0(GenericEndpoint.java:67)
	at org.eclipse.lsp4j.jsonrpc.services.GenericEndpoint.request(GenericEndpoint.java:120)
	at org.eclipse.lsp4j.jsonrpc.RemoteEndpoint.handleRequest(RemoteEndpoint.java:261)
	at org.eclipse.lsp4j.jsonrpc.RemoteEndpoint.consume(RemoteEndpoint.java:190)
	at org.eclipse.lsp4j.jsonrpc.json.StreamMessageProducer.handleMessage(StreamMessageProducer.java:194)
	at org.eclipse.lsp4j.jsonrpc.json.StreamMessageProducer.listen(StreamMessageProducer.java:94)
	at org.eclipse.lsp4j.jsonrpc.json.ConcurrentMessageProcessor.run(ConcurrentMessageProcessor.java:113)
	at java.base/java.util.concurrent.Executors$RunnableAdapter.call(Executors.java:515)
	at java.base/java.util.concurrent.FutureTask.run(FutureTask.java:264)
	at java.base/java.util.concurrent.ThreadPoolExecutor.runWorker(ThreadPoolExecutor.java:1128)
	at java.base/java.util.concurrent.ThreadPoolExecutor$Worker.run(ThreadPoolExecutor.java:628)
	at java.base/java.lang.Thread.run(Thread.java:829)
Caused by: java.lang.reflect.InvocationTargetException
	at java.base/jdk.internal.reflect.NativeMethodAccessorImpl.invoke0(Native Method)
	at java.base/jdk.internal.reflect.NativeMethodAccessorImpl.invoke(NativeMethodAccessorImpl.java:62)
	at java.base/jdk.internal.reflect.DelegatingMethodAccessorImpl.invoke(DelegatingMethodAccessorImpl.java:43)
	at java.base/java.lang.reflect.Method.invoke(Method.java:566)
	at org.eclipse.lsp4j.jsonrpc.services.GenericEndpoint.lambda$null$0(GenericEndpoint.java:65)
	... 11 more
Caused by: java.lang.IllegalArgumentException: 10 is not a valid line number, allowed [0..0]
	at scala.meta.internal.inputs.InternalInput.lineToOffset(InternalInput.scala:37)
	at scala.meta.internal.inputs.InternalInput.lineToOffset$(InternalInput.scala:32)
	at scala.meta.inputs.Input$VirtualFile.lineToOffset(Input.scala:80)
	at scala.meta.inputs.Position$Range$.apply(Position.scala:59)
	at scala.meta.internal.mtags.MtagsEnrichments$XtensionPositionLspInverse.toMeta(MtagsEnrichments.scala:179)
	at scala.meta.internal.parsing.Trees.$anonfun$findLastEnclosingAt$4(Trees.scala:77)
	at scala.Option.flatMap(Option.scala:283)
	at scala.meta.internal.parsing.Trees.findLastEnclosingAt(Trees.scala:76)
	at scala.meta.internal.metals.codeactions.PatternMatchRefactor.contribute(PatternMatchRefactor.scala:96)
	at scala.meta.internal.metals.CodeActionProvider$$anonfun$1.applyOrElse(CodeActionProvider.scala:66)
	at scala.meta.internal.metals.CodeActionProvider$$anonfun$1.applyOrElse(CodeActionProvider.scala:65)
	at scala.collection.immutable.List.collect(List.scala:275)
	at scala.meta.internal.metals.CodeActionProvider.codeActions(CodeActionProvider.scala:65)
	at scala.meta.internal.metals.MetalsLanguageServer.$anonfun$codeAction$1(MetalsLanguageServer.scala:1652)
	at scala.meta.internal.metals.CancelTokens$.future(CancelTokens.scala:38)
	at scala.meta.internal.metals.MetalsLanguageServer.codeAction(MetalsLanguageServer.scala:1651)
	... 16 more

2022.08.01 18:17:53 WARN  no build target for: C:\Users\Moulana\Desktop\scala\scala_tutorial\tutorial4\q3.scala
2022.08.01 18:18:20 WARN  no build target for: C:\Users\Moulana\Desktop\scala\scala_tutorial\tutorial4\q2.scala
2022.08.01 18:19:16 WARN  no build target for: C:\Users\Moulana\Desktop\scala\scala_tutorial\tutorial4\q3.scala
2022.08.01 18:19:17 WARN  no build target for: C:\Users\Moulana\Desktop\scala\scala_tutorial\tutorial4\q3.scala
2022.08.01 18:27:37 INFO  shutting down Metals
2022.08.01 19:15:54 INFO  tracing is disabled for protocol LSP, to enable tracing of incoming and outgoing JSON messages create an empty file at c:\Users\Moulana\Desktop\scala\scala_tutorial\tutorial4\.metals\lsp.trace.json or C:\Users\Moulana\AppData\Local\scalameta\metals\cache\lsp.trace.json
2022.08.01 19:15:56 INFO  logging to file C:\Users\Moulana\Desktop\scala\scala_tutorial\tutorial4\.metals\metals.log
2022.08.01 19:15:56 INFO  Started: Metals version 0.11.7 in workspace 'C:\Users\Moulana\Desktop\scala\scala_tutorial\tutorial4' for client Visual Studio Code 1.69.2.
2022.08.01 19:15:57 INFO  time: initialize in 1.27s
2022.08.01 19:15:57 WARN  Flyway upgrade recommended: H2 2.1.214 is newer than this version of Flyway and support has not been tested. The latest supported version of H2 is 2.1.210.
2022.08.01 19:15:57 WARN  Build server is not auto-connectable.
2022.08.01 19:15:57 WARN  no build tool detected in workspace 'C:\Users\Moulana\Desktop\scala\scala_tutorial\tutorial4'. The most common cause for this problem is that the editor was opened in the wrong working directory, for example if you use sbt then the workspace directory should contain build.sbt. 
2022.08.01 19:16:01 WARN  no build target for: C:\Users\Moulana\Desktop\scala\scala_tutorial\tutorial4\q3.scala
2022.08.01 19:16:01 WARN  no build target for: C:\Users\Moulana\Desktop\scala\scala_tutorial\tutorial4\q1.scala
2022.08.01 19:16:06 INFO  no build target found for C:\Users\Moulana\Desktop\scala\scala_tutorial\tutorial4\q3.scala. Using presentation compiler with project's scala-library version: 3.1.3
Aug 01, 2022 7:16:07 PM org.eclipse.lsp4j.jsonrpc.RemoteEndpoint handleCancellation
WARNING: Unmatched cancel notification for request id 2
Aug 01, 2022 7:16:07 PM org.eclipse.lsp4j.jsonrpc.RemoteEndpoint handleCancellation
WARNING: Unmatched cancel notification for request id 11
Aug 01, 2022 7:16:07 PM org.eclipse.lsp4j.jsonrpc.RemoteEndpoint handleCancellation
WARNING: Unmatched cancel notification for request id 3
Aug 01, 2022 7:16:07 PM org.eclipse.lsp4j.jsonrpc.RemoteEndpoint handleCancellation
WARNING: Unmatched cancel notification for request id 13
2022.08.01 19:16:09 INFO  time: code lens generation in 2.45s
2022.08.01 19:16:09 INFO  time: code lens generation in 2.49s
2022.08.01 19:16:09 INFO  time: code lens generation in 8.09s
2022.08.01 19:16:09 INFO  time: code lens generation in 2.54s
2022.08.01 19:16:29 WARN  no build target for: C:\Users\Moulana\Desktop\scala\scala_tutorial\tutorial4\q3.scala
2022.08.01 19:16:30 WARN  no build target for: C:\Users\Moulana\Desktop\scala\scala_tutorial\tutorial4\q3.scala
2022.08.01 19:17:11 WARN  no build target for: C:\Users\Moulana\Desktop\scala\scala_tutorial\tutorial4\q3.scala
2022.08.01 19:17:11 WARN  no build target for: C:\Users\Moulana\Desktop\scala\scala_tutorial\tutorial4\q3.scala
2022.08.01 19:28:42 WARN  no build target for: C:\Users\Moulana\Desktop\scala\scala_tutorial\tutorial4\q3.scala
2022.08.01 19:30:00 WARN  no build target for: C:\Users\Moulana\Desktop\scala\scala_tutorial\tutorial4\q2.scala
Aug 01, 2022 7:45:03 PM org.eclipse.lsp4j.jsonrpc.RemoteEndpoint handleCancellation
WARNING: Unmatched cancel notification for request id 888
Aug 01, 2022 7:51:49 PM org.eclipse.lsp4j.jsonrpc.RemoteEndpoint handleCancellation
WARNING: Unmatched cancel notification for request id 1657
2022.08.01 19:52:01 WARN  no build target for: C:\Users\Moulana\Desktop\scala\scala_tutorial\tutorial4\q3.scala
2022.08.01 19:52:01 WARN  no build target for: C:\Users\Moulana\Desktop\scala\scala_tutorial\tutorial4\q3.scala
Aug 01, 2022 7:52:03 PM org.eclipse.lsp4j.jsonrpc.RemoteEndpoint fallbackResponseError
SEVERE: Internal error: java.lang.reflect.InvocationTargetException
java.lang.RuntimeException: java.lang.reflect.InvocationTargetException
	at org.eclipse.lsp4j.jsonrpc.services.GenericEndpoint.lambda$null$0(GenericEndpoint.java:67)
	at org.eclipse.lsp4j.jsonrpc.services.GenericEndpoint.request(GenericEndpoint.java:120)
	at org.eclipse.lsp4j.jsonrpc.RemoteEndpoint.handleRequest(RemoteEndpoint.java:261)
	at org.eclipse.lsp4j.jsonrpc.RemoteEndpoint.consume(RemoteEndpoint.java:190)
	at org.eclipse.lsp4j.jsonrpc.json.StreamMessageProducer.handleMessage(StreamMessageProducer.java:194)
	at org.eclipse.lsp4j.jsonrpc.json.StreamMessageProducer.listen(StreamMessageProducer.java:94)
	at org.eclipse.lsp4j.jsonrpc.json.ConcurrentMessageProcessor.run(ConcurrentMessageProcessor.java:113)
	at java.base/java.util.concurrent.Executors$RunnableAdapter.call(Executors.java:515)
	at java.base/java.util.concurrent.FutureTask.run(FutureTask.java:264)
	at java.base/java.util.concurrent.ThreadPoolExecutor.runWorker(ThreadPoolExecutor.java:1128)
	at java.base/java.util.concurrent.ThreadPoolExecutor$Worker.run(ThreadPoolExecutor.java:628)
	at java.base/java.lang.Thread.run(Thread.java:829)
Caused by: java.lang.reflect.InvocationTargetException
	at jdk.internal.reflect.GeneratedMethodAccessor5.invoke(Unknown Source)
	at java.base/jdk.internal.reflect.DelegatingMethodAccessorImpl.invoke(DelegatingMethodAccessorImpl.java:43)
	at java.base/java.lang.reflect.Method.invoke(Method.java:566)
	at org.eclipse.lsp4j.jsonrpc.services.GenericEndpoint.lambda$null$0(GenericEndpoint.java:65)
	... 11 more
Caused by: java.lang.IllegalArgumentException: 32 is not a valid line number, allowed [0..25]
	at scala.meta.internal.inputs.InternalInput.lineToOffset(InternalInput.scala:37)
	at scala.meta.internal.inputs.InternalInput.lineToOffset$(InternalInput.scala:32)
	at scala.meta.inputs.Input$VirtualFile.lineToOffset(Input.scala:80)
	at scala.meta.inputs.Position$Range$.apply(Position.scala:59)
	at scala.meta.internal.mtags.MtagsEnrichments$XtensionPositionLspInverse.toMeta(MtagsEnrichments.scala:179)
	at scala.meta.internal.parsing.Trees.$anonfun$findLastEnclosingAt$4(Trees.scala:77)
	at scala.Option.flatMap(Option.scala:283)
	at scala.meta.internal.parsing.Trees.findLastEnclosingAt(Trees.scala:76)
	at scala.meta.internal.metals.codeactions.PatternMatchRefactor.contribute(PatternMatchRefactor.scala:96)
	at scala.meta.internal.metals.CodeActionProvider$$anonfun$1.applyOrElse(CodeActionProvider.scala:66)
	at scala.meta.internal.metals.CodeActionProvider$$anonfun$1.applyOrElse(CodeActionProvider.scala:65)
	at scala.collection.immutable.List.collect(List.scala:275)
	at scala.meta.internal.metals.CodeActionProvider.codeActions(CodeActionProvider.scala:65)
	at scala.meta.internal.metals.MetalsLanguageServer.$anonfun$codeAction$1(MetalsLanguageServer.scala:1652)
	at scala.meta.internal.metals.CancelTokens$.future(CancelTokens.scala:38)
	at scala.meta.internal.metals.MetalsLanguageServer.codeAction(MetalsLanguageServer.scala:1651)
	... 15 more

Aug 01, 2022 7:52:04 PM org.eclipse.lsp4j.jsonrpc.RemoteEndpoint fallbackResponseError
SEVERE: Internal error: java.lang.reflect.InvocationTargetException
java.lang.RuntimeException: java.lang.reflect.InvocationTargetException
	at org.eclipse.lsp4j.jsonrpc.services.GenericEndpoint.lambda$null$0(GenericEndpoint.java:67)
	at org.eclipse.lsp4j.jsonrpc.services.GenericEndpoint.request(GenericEndpoint.java:120)
	at org.eclipse.lsp4j.jsonrpc.RemoteEndpoint.handleRequest(RemoteEndpoint.java:261)
	at org.eclipse.lsp4j.jsonrpc.RemoteEndpoint.consume(RemoteEndpoint.java:190)
	at org.eclipse.lsp4j.jsonrpc.json.StreamMessageProducer.handleMessage(StreamMessageProducer.java:194)
	at org.eclipse.lsp4j.jsonrpc.json.StreamMessageProducer.listen(StreamMessageProducer.java:94)
	at org.eclipse.lsp4j.jsonrpc.json.ConcurrentMessageProcessor.run(ConcurrentMessageProcessor.java:113)
	at java.base/java.util.concurrent.Executors$RunnableAdapter.call(Executors.java:515)
	at java.base/java.util.concurrent.FutureTask.run(FutureTask.java:264)
	at java.base/java.util.concurrent.ThreadPoolExecutor.runWorker(ThreadPoolExecutor.java:1128)
	at java.base/java.util.concurrent.ThreadPoolExecutor$Worker.run(ThreadPoolExecutor.java:628)
	at java.base/java.lang.Thread.run(Thread.java:829)
Caused by: java.lang.reflect.InvocationTargetException
	at jdk.internal.reflect.GeneratedMethodAccessor5.invoke(Unknown Source)
	at java.base/jdk.internal.reflect.DelegatingMethodAccessorImpl.invoke(DelegatingMethodAccessorImpl.java:43)
	at java.base/java.lang.reflect.Method.invoke(Method.java:566)
	at org.eclipse.lsp4j.jsonrpc.services.GenericEndpoint.lambda$null$0(GenericEndpoint.java:65)
	... 11 more
Caused by: java.lang.IllegalArgumentException: 28 is not a valid line number, allowed [0..25]
	at scala.meta.internal.inputs.InternalInput.lineToOffset(InternalInput.scala:37)
	at scala.meta.internal.inputs.InternalInput.lineToOffset$(InternalInput.scala:32)
	at scala.meta.inputs.Input$VirtualFile.lineToOffset(Input.scala:80)
	at scala.meta.inputs.Position$Range$.apply(Position.scala:59)
	at scala.meta.internal.mtags.MtagsEnrichments$XtensionPositionLspInverse.toMeta(MtagsEnrichments.scala:179)
	at scala.meta.internal.parsing.Trees.$anonfun$findLastEnclosingAt$4(Trees.scala:77)
	at scala.Option.flatMap(Option.scala:283)
	at scala.meta.internal.parsing.Trees.findLastEnclosingAt(Trees.scala:76)
	at scala.meta.internal.metals.codeactions.PatternMatchRefactor.contribute(PatternMatchRefactor.scala:96)
	at scala.meta.internal.metals.CodeActionProvider$$anonfun$1.applyOrElse(CodeActionProvider.scala:66)
	at scala.meta.internal.metals.CodeActionProvider$$anonfun$1.applyOrElse(CodeActionProvider.scala:65)
	at scala.collection.immutable.List.collect(List.scala:275)
	at scala.meta.internal.metals.CodeActionProvider.codeActions(CodeActionProvider.scala:65)
	at scala.meta.internal.metals.MetalsLanguageServer.$anonfun$codeAction$1(MetalsLanguageServer.scala:1652)
	at scala.meta.internal.metals.CancelTokens$.future(CancelTokens.scala:38)
	at scala.meta.internal.metals.MetalsLanguageServer.codeAction(MetalsLanguageServer.scala:1651)
	... 15 more

2022.08.01 19:52:10 WARN  no build target for: C:\Users\Moulana\Desktop\scala\scala_tutorial\tutorial4\q3.scala
2022.08.01 19:52:10 WARN  no build target for: C:\Users\Moulana\Desktop\scala\scala_tutorial\tutorial4\q3.scala
2022.08.01 19:52:44 WARN  no build target for: C:\Users\Moulana\Desktop\scala\scala_tutorial\tutorial4\q3.scala
2022.08.01 19:52:45 WARN  no build target for: C:\Users\Moulana\Desktop\scala\scala_tutorial\tutorial4\q3.scala
2022.08.01 19:52:58 WARN  no build target for: C:\Users\Moulana\Desktop\scala\scala_tutorial\tutorial4\q3.scala
2022.08.01 19:52:58 WARN  no build target for: C:\Users\Moulana\Desktop\scala\scala_tutorial\tutorial4\q3.scala
2022.08.01 19:53:05 WARN  no build target for: C:\Users\Moulana\Desktop\scala\scala_tutorial\tutorial4\q3.scala
2022.08.01 19:53:05 WARN  no build target for: C:\Users\Moulana\Desktop\scala\scala_tutorial\tutorial4\q3.scala
Aug 01, 2022 7:53:48 PM org.eclipse.lsp4j.jsonrpc.RemoteEndpoint handleCancellation
WARNING: Unmatched cancel notification for request id 1858
2022.08.01 19:54:18 WARN  no build target for: C:\Users\Moulana\Desktop\scala\scala_tutorial\tutorial4\q3.scala
2022.08.01 19:54:18 WARN  no build target for: C:\Users\Moulana\Desktop\scala\scala_tutorial\tutorial4\q3.scala
2022.08.01 19:54:42 WARN  no build target for: C:\Users\Moulana\Desktop\scala\scala_tutorial\tutorial4\q3.scala
2022.08.01 19:54:42 WARN  no build target for: C:\Users\Moulana\Desktop\scala\scala_tutorial\tutorial4\q3.scala
2022.08.01 19:55:03 WARN  no build target for: C:\Users\Moulana\Desktop\scala\scala_tutorial\tutorial4\q3.scala
2022.08.01 19:55:03 WARN  no build target for: C:\Users\Moulana\Desktop\scala\scala_tutorial\tutorial4\q3.scala
2022.08.01 19:55:03 WARN  no build target for: C:\Users\Moulana\Desktop\scala\scala_tutorial\tutorial4\q3.scala
2022.08.01 19:55:27 WARN  no build target for: C:\Users\Moulana\Desktop\scala\scala_tutorial\tutorial4\q3.scala
Exception in thread "pool-3-thread-1" 2022.08.01 19:55:27 WARN  no build target for: C:\Users\Moulana\Desktop\scala\scala_tutorial\tutorial4\q3.scala
java.lang.InterruptedException
	at scala.meta.internal.metals.FutureCancelToken.checkCanceled(FutureCancelToken.scala:29)
	at scala.meta.internal.pc.CompilerAccess.onCompilerJobQueue$$anonfun$1(CompilerAccess.scala:196)
	at scala.meta.internal.pc.CompilerJobQueue$Job.run(CompilerJobQueue.scala:152)
	at java.base/java.util.concurrent.ThreadPoolExecutor.runWorker(ThreadPoolExecutor.java:1128)
	at java.base/java.util.concurrent.ThreadPoolExecutor$Worker.run(ThreadPoolExecutor.java:628)
	at java.base/java.lang.Thread.run(Thread.java:829)
2022.08.01 20:25:21 WARN  no build target for: C:\Users\Moulana\Desktop\scala\scala_tutorial\tutorial4\q3.scala
2022.08.01 20:25:21 WARN  no build target for: C:\Users\Moulana\Desktop\scala\scala_tutorial\tutorial4\q3.scala
2022.08.01 20:25:26 WARN  no build target for: C:\Users\Moulana\Desktop\scala\scala_tutorial\tutorial4\q3.scala
2022.08.01 20:25:26 WARN  no build target for: C:\Users\Moulana\Desktop\scala\scala_tutorial\tutorial4\q3.scala
2022.08.01 20:27:52 WARN  no build target for: C:\Users\Moulana\Desktop\scala\scala_tutorial\tutorial4\q3.scala
2022.08.01 20:27:53 WARN  no build target for: C:\Users\Moulana\Desktop\scala\scala_tutorial\tutorial4\q3.scala
2022.08.01 20:28:22 WARN  no build target for: C:\Users\Moulana\Desktop\scala\scala_tutorial\tutorial4\q3.scala
2022.08.01 20:28:23 WARN  no build target for: C:\Users\Moulana\Desktop\scala\scala_tutorial\tutorial4\q3.scala
2022.08.01 20:28:23 WARN  no build target for: C:\Users\Moulana\Desktop\scala\scala_tutorial\tutorial4\q3.scala
2022.08.01 20:28:23 WARN  no build target for: C:\Users\Moulana\Desktop\scala\scala_tutorial\tutorial4\q3.scala
Aug 01, 2022 8:41:30 PM scala.meta.internal.pc.CompilerAccess handleError
SEVERE: NoDenotation.owner
java.lang.AssertionError: NoDenotation.owner
	at dotty.tools.dotc.core.SymDenotations$NoDenotation$.owner(SymDenotations.scala:2495)
	at scala.meta.internal.pc.SignatureHelpProvider$.isValid(SignatureHelpProvider.scala:88)
	at scala.meta.internal.pc.SignatureHelpProvider$.notCurrentApply(SignatureHelpProvider.scala:101)
	at scala.meta.internal.pc.SignatureHelpProvider$.$anonfun$1(SignatureHelpProvider.scala:49)
	at scala.collection.StrictOptimizedLinearSeqOps.loop$3(LinearSeq.scala:266)
	at scala.collection.StrictOptimizedLinearSeqOps.dropWhile(LinearSeq.scala:268)
	at scala.collection.StrictOptimizedLinearSeqOps.dropWhile$(LinearSeq.scala:264)
	at scala.collection.immutable.List.dropWhile(List.scala:79)
	at scala.meta.internal.pc.SignatureHelpProvider$.signatureHelp(SignatureHelpProvider.scala:49)

2022.08.01 20:42:57 WARN  no build target for: C:\Users\Moulana\Desktop\scala\scala_tutorial\tutorial4\q3.scala
2022.08.01 20:42:57 WARN  no build target for: C:\Users\Moulana\Desktop\scala\scala_tutorial\tutorial4\q3.scala
2022.08.01 20:43:21 WARN  no build target for: C:\Users\Moulana\Desktop\scala\scala_tutorial\tutorial4\q3.scala
2022.08.01 20:43:21 WARN  no build target for: C:\Users\Moulana\Desktop\scala\scala_tutorial\tutorial4\q3.scala
2022.08.01 20:43:40 WARN  no build target for: C:\Users\Moulana\Desktop\scala\scala_tutorial\tutorial4\q3.scala
2022.08.01 20:43:40 WARN  no build target for: C:\Users\Moulana\Desktop\scala\scala_tutorial\tutorial4\q3.scala
2022.08.01 20:43:46 INFO  time: code lens generation in 4.36s
2022.08.01 20:44:10 WARN  no build target for: C:\Users\Moulana\Desktop\scala\scala_tutorial\tutorial4\q3.scala
2022.08.01 20:44:10 WARN  no build target for: C:\Users\Moulana\Desktop\scala\scala_tutorial\tutorial4\q3.scala
2022.08.01 20:44:38 WARN  no build target for: C:\Users\Moulana\Desktop\scala\scala_tutorial\tutorial4\q3.scala
2022.08.01 20:44:38 WARN  no build target for: C:\Users\Moulana\Desktop\scala\scala_tutorial\tutorial4\q3.scala
2022.08.01 20:46:43 WARN  no build target for: C:\Users\Moulana\Desktop\scala\scala_tutorial\tutorial4\q3.scala
2022.08.01 20:46:43 WARN  no build target for: C:\Users\Moulana\Desktop\scala\scala_tutorial\tutorial4\q3.scala
2022.08.01 20:47:32 WARN  no build target for: C:\Users\Moulana\Desktop\scala\scala_tutorial\tutorial4\q3.scala
2022.08.01 20:47:32 WARN  no build target for: C:\Users\Moulana\Desktop\scala\scala_tutorial\tutorial4\q3.scala
2022.08.01 20:47:52 WARN  no build target for: C:\Users\Moulana\Desktop\scala\scala_tutorial\tutorial4\q3.scala
2022.08.01 20:47:52 WARN  no build target for: C:\Users\Moulana\Desktop\scala\scala_tutorial\tutorial4\q3.scala
2022.08.01 20:48:31 WARN  no build target for: C:\Users\Moulana\Desktop\scala\scala_tutorial\tutorial4\q3.scala
2022.08.01 20:48:31 WARN  no build target for: C:\Users\Moulana\Desktop\scala\scala_tutorial\tutorial4\q3.scala
2022.08.01 20:49:40 WARN  no build target for: C:\Users\Moulana\Desktop\scala\scala_tutorial\tutorial4\q1.scala
2022.08.01 20:49:40 WARN  no build target for: C:\Users\Moulana\Desktop\scala\scala_tutorial\tutorial4\q1.scala
2022.08.01 20:49:41 WARN  no build target for: C:\Users\Moulana\Desktop\scala\scala_tutorial\tutorial4\q1.scala
2022.08.01 20:49:52 WARN  no build target for: C:\Users\Moulana\Desktop\scala\scala_tutorial\tutorial4\q2.scala
2022.08.01 20:49:52 WARN  no build target for: C:\Users\Moulana\Desktop\scala\scala_tutorial\tutorial4\q2.scala
Aug 01, 2022 8:56:33 PM org.eclipse.lsp4j.jsonrpc.RemoteEndpoint handleCancellation
WARNING: Unmatched cancel notification for request id 3093
2022.08.01 20:56:45 WARN  no build target for: C:\Users\Moulana\Desktop\scala\scala_tutorial\tutorial4\q3.scala
2022.08.01 20:56:45 WARN  no build target for: C:\Users\Moulana\Desktop\scala\scala_tutorial\tutorial4\q3.scala
2022.08.01 20:57:00 WARN  no build target for: C:\Users\Moulana\Desktop\scala\scala_tutorial\tutorial4\q3.scala
2022.08.01 20:57:00 WARN  no build target for: C:\Users\Moulana\Desktop\scala\scala_tutorial\tutorial4\q3.scala
2022.08.01 20:57:19 WARN  no build target for: C:\Users\Moulana\Desktop\scala\scala_tutorial\tutorial4\q3.scala
2022.08.01 20:57:19 WARN  no build target for: C:\Users\Moulana\Desktop\scala\scala_tutorial\tutorial4\q3.scala
2022.08.01 20:57:50 WARN  no build target for: C:\Users\Moulana\Desktop\scala\scala_tutorial\tutorial4\q3.scala
2022.08.01 20:57:50 WARN  no build target for: C:\Users\Moulana\Desktop\scala\scala_tutorial\tutorial4\q3.scala
2022.08.01 20:57:53 INFO  shutting down Metals
